[0.366s] Invoking command in '/home/sofia/mocap4r2_ws/build/mocap4r2_optitrack_driver': AMENT_PREFIX_PATH=/home/sofia/mocap4r2_ws/install/mocap4r2_control:/home/sofia/mocap4r2_ws/install/mocap4r2_msgs:/home/sofia/mocap4r2_ws/install/mocap4r2_control_msgs CMAKE_PREFIX_PATH=/home/sofia/mocap4r2_ws/install/mocap4r2_control:/home/sofia/mocap4r2_ws/install/mocap4r2_msgs:/home/sofia/mocap4r2_ws/install/mocap4r2_control_msgs:/opt/openrobots LD_LIBRARY_PATH=/home/sofia/mocap4r2_ws/install/mocap4r2_control/lib:/home/sofia/mocap4r2_ws/install/mocap4r2_msgs/lib:/home/sofia/mocap4r2_ws/install/mocap4r2_control_msgs/lib:/opt/openrobots/lib PYTHONPATH=/home/sofia/mocap4r2_ws/install/mocap4r2_msgs/lib/python3.8/site-packages:/home/sofia/mocap4r2_ws/install/mocap4r2_control_msgs/lib/python3.8/site-packages:/opt/openrobots/lib/python3.8/site-packages /usr/bin/cmake --build /home/sofia/mocap4r2_ws/build/mocap4r2_optitrack_driver -- -j32 -l32
[0.388s] [35m[1mScanning dependencies of target mocap4r2_optitrack_driver[0m
[0.412s] [ 25%] [32mBuilding CXX object CMakeFiles/mocap4r2_optitrack_driver.dir/src/mocap4r2_optitrack_driver/mocap4r2_optitrack_driver.cpp.o[0m
[1.241s] [01m[K/home/sofia/mocap4r2_ws/src/mocap4ros2_optitrack/mocap4r2_optitrack_driver/src/mocap4r2_optitrack_driver/mocap4r2_optitrack_driver.cpp:[m[K In member function â€˜[01m[Kstd::chrono::nanoseconds mocap4r2_optitrack_driver::OptitrackDriverNode::get_optitrack_system_latency(sFrameOfMocapData*)[m[Kâ€™:
[1.241s] [01m[K/home/sofia/mocap4r2_ws/src/mocap4ros2_optitrack/mocap4r2_optitrack_driver/src/mocap4r2_optitrack_driver/mocap4r2_optitrack_driver.cpp:116:86:[m[K [01;31m[Kerror: [m[Kno matching function for call to â€˜[01m[Kround<std::chrono::seconds>(std::chrono::duration<float>)[m[Kâ€™
[1.241s]   116 | rono::seconds>(std::chrono::duration<float>{clientLatencySec}[01;31m[K)[m[K;
[1.242s]       |                                                              [01;31m[K^[m[K
[1.242s] 
[1.242s] In file included from [01m[K/opt/ros/foxy/include/libstatistics_collector/moving_average_statistics/types.hpp:18[m[K,
[1.242s]                  from [01m[K/opt/ros/foxy/include/libstatistics_collector/collector/generate_statistics_message.hpp:24[m[K,
[1.242s]                  from [01m[K/opt/ros/foxy/include/rclcpp/topic_statistics/subscription_topic_statistics.hpp:23[m[K,
[1.242s]                  from [01m[K/opt/ros/foxy/include/rclcpp/subscription.hpp:50[m[K,
[1.243s]                  from [01m[K/opt/ros/foxy/include/rclcpp/any_executable.hpp:25[m[K,
[1.243s]                  from [01m[K/opt/ros/foxy/include/rclcpp/memory_strategy.hpp:24[m[K,
[1.243s]                  from [01m[K/opt/ros/foxy/include/rclcpp/memory_strategies.hpp:18[m[K,
[1.243s]                  from [01m[K/opt/ros/foxy/include/rclcpp/executor_options.hpp:20[m[K,
[1.243s]                  from [01m[K/opt/ros/foxy/include/rclcpp/executor.hpp:33[m[K,
[1.243s]                  from [01m[K/opt/ros/foxy/include/rclcpp/executors/multi_threaded_executor.hpp:26[m[K,
[1.243s]                  from [01m[K/opt/ros/foxy/include/rclcpp/executors.hpp:21[m[K,
[1.243s]                  from [01m[K/opt/ros/foxy/include/rclcpp/rclcpp.hpp:146[m[K,
[1.243s]                  from [01m[K/home/sofia/mocap4r2_ws/src/mocap4ros2_optitrack/mocap4r2_optitrack_driver/include/mocap4r2_optitrack_driver/mocap4r2_optitrack_driver.hpp:43[m[K,
[1.244s]                  from [01m[K/home/sofia/mocap4r2_ws/src/mocap4ros2_optitrack/mocap4r2_optitrack_driver/src/mocap4r2_optitrack_driver/mocap4r2_optitrack_driver.cpp:28[m[K:
[1.244s] [01m[K/usr/include/c++/9/cmath:1768:5:[m[K [01;36m[Knote: [m[Kcandidate: â€˜[01m[Ktemplate<class _Tp> constexpr typename __gnu_cxx::__enable_if<std::__is_integer<_Tp>::__value, double>::__type std::round(_Tp)[m[Kâ€™
[1.244s]  1768 |     [01;36m[Kround[m[K(_Tp __x)
[1.244s]       |     [01;36m[K^~~~~[m[K
[1.245s] [01m[K/usr/include/c++/9/cmath:1768:5:[m[K [01;36m[Knote: [m[K  template argument deduction/substitution failed:
[1.245s] /usr/include/c++/9/cmath: In substitution of â€˜[01m[Ktemplate<class _Tp> constexpr typename __gnu_cxx::__enable_if<std::__is_integer<_Tp>::__value, double>::__type std::round(_Tp) [with _Tp = std::chrono::duration<long int>][m[Kâ€™:
[1.245s] [01m[K/home/sofia/mocap4r2_ws/src/mocap4ros2_optitrack/mocap4r2_optitrack_driver/src/mocap4r2_optitrack_driver/mocap4r2_optitrack_driver.cpp:116:86:[m[K   required from here
[1.246s] [01m[K/usr/include/c++/9/cmath:1768:5:[m[K [01;31m[Kerror: [m[Kno type named â€˜[01m[K__type[m[Kâ€™ in â€˜[01m[Kstruct __gnu_cxx::__enable_if<false, double>[m[Kâ€™
[1.881s] make[2]: *** [CMakeFiles/mocap4r2_optitrack_driver.dir/build.make:63: CMakeFiles/mocap4r2_optitrack_driver.dir/src/mocap4r2_optitrack_driver/mocap4r2_optitrack_driver.cpp.o] Error 1
[1.882s] make[1]: *** [CMakeFiles/Makefile2:107: CMakeFiles/mocap4r2_optitrack_driver.dir/all] Error 2
[1.882s] make: *** [Makefile:141: all] Error 2
[1.994s] Invoked command in '/home/sofia/mocap4r2_ws/build/mocap4r2_optitrack_driver' returned '2': AMENT_PREFIX_PATH=/home/sofia/mocap4r2_ws/install/mocap4r2_control:/home/sofia/mocap4r2_ws/install/mocap4r2_msgs:/home/sofia/mocap4r2_ws/install/mocap4r2_control_msgs CMAKE_PREFIX_PATH=/home/sofia/mocap4r2_ws/install/mocap4r2_control:/home/sofia/mocap4r2_ws/install/mocap4r2_msgs:/home/sofia/mocap4r2_ws/install/mocap4r2_control_msgs:/opt/openrobots LD_LIBRARY_PATH=/home/sofia/mocap4r2_ws/install/mocap4r2_control/lib:/home/sofia/mocap4r2_ws/install/mocap4r2_msgs/lib:/home/sofia/mocap4r2_ws/install/mocap4r2_control_msgs/lib:/opt/openrobots/lib PYTHONPATH=/home/sofia/mocap4r2_ws/install/mocap4r2_msgs/lib/python3.8/site-packages:/home/sofia/mocap4r2_ws/install/mocap4r2_control_msgs/lib/python3.8/site-packages:/opt/openrobots/lib/python3.8/site-packages /usr/bin/cmake --build /home/sofia/mocap4r2_ws/build/mocap4r2_optitrack_driver -- -j32 -l32
