[0.489s] Invoking command in '/home/sofia/mocap4r2_ws/build/mocap4r2_optitrack_driver': AMENT_PREFIX_PATH=/home/sofia/mocap4r2_ws/install/mocap4r2_control:/home/sofia/mocap4r2_ws/install/mocap4r2_msgs:/home/sofia/mocap4r2_ws/install/mocap4r2_control_msgs CMAKE_PREFIX_PATH=/home/sofia/mocap4r2_ws/install/mocap4r2_control:/home/sofia/mocap4r2_ws/install/mocap4r2_msgs:/home/sofia/mocap4r2_ws/install/mocap4r2_control_msgs:/opt/openrobots LD_LIBRARY_PATH=/home/sofia/mocap4r2_ws/install/mocap4r2_control/lib:/home/sofia/mocap4r2_ws/install/mocap4r2_msgs/lib:/home/sofia/mocap4r2_ws/install/mocap4r2_control_msgs/lib:/opt/openrobots/lib PYTHONPATH=/home/sofia/mocap4r2_ws/install/mocap4r2_msgs/lib/python3.8/site-packages:/home/sofia/mocap4r2_ws/install/mocap4r2_control_msgs/lib/python3.8/site-packages:/opt/openrobots/lib/python3.8/site-packages /usr/bin/cmake --build /home/sofia/mocap4r2_ws/build/mocap4r2_optitrack_driver -- -j32 -l32
[0.522s] [35m[1mScanning dependencies of target mocap4r2_optitrack_driver[0m
[0.553s] [ 25%] [32mBuilding CXX object CMakeFiles/mocap4r2_optitrack_driver.dir/src/mocap4r2_optitrack_driver/mocap4r2_optitrack_driver.cpp.o[0m
[1.379s] [01m[K/home/sofia/mocap4r2_ws/src/mocap4ros2_optitrack/mocap4r2_optitrack_driver/src/mocap4r2_optitrack_driver/mocap4r2_optitrack_driver.cpp:[m[K In member function â€˜[01m[Kstd::chrono::nanoseconds mocap4r2_optitrack_driver::OptitrackDriverNode::get_optitrack_system_latency(sFrameOfMocapData*)[m[Kâ€™:
[1.379s] [01m[K/home/sofia/mocap4r2_ws/src/mocap4ros2_optitrack/mocap4r2_optitrack_driver/src/mocap4r2_optitrack_driver/mocap4r2_optitrack_driver.cpp:116:25:[m[K [01;31m[Kerror: [m[Kâ€˜[01m[Kround[m[Kâ€™ is not a member of â€˜[01m[Kstd::chrono[m[Kâ€™
[1.379s]   116 |     return std::chrono::[01;31m[Kround[m[K<std::chrono::milliseconds>(std::chrono::duration<float>{clientLatencySec});
[1.379s]       |                         [01;31m[K^~~~~[m[K
[1.380s] [01m[K/home/sofia/mocap4r2_ws/src/mocap4ros2_optitrack/mocap4r2_optitrack_driver/src/mocap4r2_optitrack_driver/mocap4r2_optitrack_driver.cpp:116:25:[m[K [01;36m[Knote: [m[Ksuggested alternatives:
[1.380s] In file included from [01m[K/opt/ros/foxy/include/libstatistics_collector/moving_average_statistics/types.hpp:18[m[K,
[1.380s]                  from [01m[K/opt/ros/foxy/include/libstatistics_collector/collector/generate_statistics_message.hpp:24[m[K,
[1.380s]                  from [01m[K/opt/ros/foxy/include/rclcpp/topic_statistics/subscription_topic_statistics.hpp:23[m[K,
[1.380s]                  from [01m[K/opt/ros/foxy/include/rclcpp/subscription.hpp:50[m[K,
[1.380s]                  from [01m[K/opt/ros/foxy/include/rclcpp/any_executable.hpp:25[m[K,
[1.380s]                  from [01m[K/opt/ros/foxy/include/rclcpp/memory_strategy.hpp:24[m[K,
[1.380s]                  from [01m[K/opt/ros/foxy/include/rclcpp/memory_strategies.hpp:18[m[K,
[1.380s]                  from [01m[K/opt/ros/foxy/include/rclcpp/executor_options.hpp:20[m[K,
[1.380s]                  from [01m[K/opt/ros/foxy/include/rclcpp/executor.hpp:33[m[K,
[1.380s]                  from [01m[K/opt/ros/foxy/include/rclcpp/executors/multi_threaded_executor.hpp:26[m[K,
[1.380s]                  from [01m[K/opt/ros/foxy/include/rclcpp/executors.hpp:21[m[K,
[1.380s]                  from [01m[K/opt/ros/foxy/include/rclcpp/rclcpp.hpp:146[m[K,
[1.380s]                  from [01m[K/home/sofia/mocap4r2_ws/src/mocap4ros2_optitrack/mocap4r2_optitrack_driver/include/mocap4r2_optitrack_driver/mocap4r2_optitrack_driver.hpp:43[m[K,
[1.380s]                  from [01m[K/home/sofia/mocap4r2_ws/src/mocap4ros2_optitrack/mocap4r2_optitrack_driver/src/mocap4r2_optitrack_driver/mocap4r2_optitrack_driver.cpp:28[m[K:
[1.380s] [01m[K/usr/include/c++/9/cmath:1756:3:[m[K [01;36m[Knote: [m[K  â€˜[01m[Kround[m[Kâ€™
[1.380s]  1756 |   [01;36m[Kround[m[K(float __x)
[1.380s]       |   [01;36m[K^~~~~[m[K
[1.381s] [01m[K/usr/include/c++/9/cmath:1768:5:[m[K [01;36m[Knote: [m[K  â€˜[01m[Kstd::round[m[Kâ€™
[1.381s]  1768 |     [01;36m[Kround[m[K(_Tp __x)
[1.381s]       |     [01;36m[K^~~~~[m[K
[1.381s] [01m[K/home/sofia/mocap4r2_ws/src/mocap4ros2_optitrack/mocap4r2_optitrack_driver/src/mocap4r2_optitrack_driver/mocap4r2_optitrack_driver.cpp:116:56:[m[K [01;31m[Kerror: [m[Kexpected primary-expression before â€˜[01m[K>[m[Kâ€™ token
[1.381s]   116 |     return std::chrono::round<std::chrono::milliseconds[01;31m[K>[m[K(std::chrono::duration<float>{clientLatencySec});
[1.381s]       |                                                        [01;31m[K^[m[K
[2.024s] make[2]: *** [CMakeFiles/mocap4r2_optitrack_driver.dir/build.make:63: CMakeFiles/mocap4r2_optitrack_driver.dir/src/mocap4r2_optitrack_driver/mocap4r2_optitrack_driver.cpp.o] Error 1
[2.025s] make[1]: *** [CMakeFiles/Makefile2:107: CMakeFiles/mocap4r2_optitrack_driver.dir/all] Error 2
[2.025s] make: *** [Makefile:141: all] Error 2
[2.044s] Invoked command in '/home/sofia/mocap4r2_ws/build/mocap4r2_optitrack_driver' returned '2': AMENT_PREFIX_PATH=/home/sofia/mocap4r2_ws/install/mocap4r2_control:/home/sofia/mocap4r2_ws/install/mocap4r2_msgs:/home/sofia/mocap4r2_ws/install/mocap4r2_control_msgs CMAKE_PREFIX_PATH=/home/sofia/mocap4r2_ws/install/mocap4r2_control:/home/sofia/mocap4r2_ws/install/mocap4r2_msgs:/home/sofia/mocap4r2_ws/install/mocap4r2_control_msgs:/opt/openrobots LD_LIBRARY_PATH=/home/sofia/mocap4r2_ws/install/mocap4r2_control/lib:/home/sofia/mocap4r2_ws/install/mocap4r2_msgs/lib:/home/sofia/mocap4r2_ws/install/mocap4r2_control_msgs/lib:/opt/openrobots/lib PYTHONPATH=/home/sofia/mocap4r2_ws/install/mocap4r2_msgs/lib/python3.8/site-packages:/home/sofia/mocap4r2_ws/install/mocap4r2_control_msgs/lib/python3.8/site-packages:/opt/openrobots/lib/python3.8/site-packages /usr/bin/cmake --build /home/sofia/mocap4r2_ws/build/mocap4r2_optitrack_driver -- -j32 -l32
